<?xml version="1.0" encoding="UTF-8"?>
<testng-results ignored="0" total="2" passed="1" failed="1" skipped="0">
  <reporter-output>
  </reporter-output>
  <suite started-at="2025-06-19T14:29:08 BST" name="Default suite" finished-at="2025-06-19T14:29:34 BST" duration-ms="26139">
    <groups>
    </groups>
    <test started-at="2025-06-19T14:29:08 BST" name="Default test" finished-at="2025-06-19T14:29:34 BST" duration-ms="26139">
      <class name="tests.ElementsTextBoxPageTest">
        <test-method is-config="true" signature="setupExtent()[pri:0, instance:tests.ElementsTextBoxPageTest@291a7e3c]" started-at="2025-06-19T14:29:08 BST" name="setupExtent" finished-at="2025-06-19T14:29:08 BST" duration-ms="154" status="PASS">
          <reporter-output>
          </reporter-output>
        </test-method> <!-- setupExtent -->
        <test-method is-config="true" signature="setUp()[pri:0, instance:tests.ElementsTextBoxPageTest@291a7e3c]" started-at="2025-06-19T14:29:08 BST" name="setUp" finished-at="2025-06-19T14:29:13 BST" duration-ms="5158" status="PASS">
          <reporter-output>
          </reporter-output>
        </test-method> <!-- setUp -->
        <test-method signature="canSubmitWithValidDetails()[pri:1, instance:tests.ElementsTextBoxPageTest@291a7e3c]" started-at="2025-06-19T14:29:13 BST" name="canSubmitWithValidDetails" finished-at="2025-06-19T14:29:14 BST" duration-ms="793" status="PASS">
          <reporter-output>
          </reporter-output>
        </test-method> <!-- canSubmitWithValidDetails -->
        <test-method is-config="true" signature="tearDown(org.testng.ITestResult)[pri:0, instance:tests.ElementsTextBoxPageTest@291a7e3c]" started-at="2025-06-19T14:29:14 BST" name="tearDown" finished-at="2025-06-19T14:29:17 BST" duration-ms="3390" status="PASS">
          <params>
            <param index="0">
              <value>
                <![CDATA[[TestResult name=canSubmitWithValidDetails status=SUCCESS method=ElementsTextBoxPageTest.canSubmitWithValidDetails()[pri:1, instance:tests.ElementsTextBoxPageTest@291a7e3c] output={null}]]]>
              </value>
            </param>
          </params>
          <reporter-output>
          </reporter-output>
        </test-method> <!-- tearDown -->
        <test-method is-config="true" signature="setUp()[pri:0, instance:tests.ElementsTextBoxPageTest@291a7e3c]" started-at="2025-06-19T14:29:17 BST" name="setUp" finished-at="2025-06-19T14:29:22 BST" duration-ms="4268" status="PASS">
          <reporter-output>
          </reporter-output>
        </test-method> <!-- setUp -->
        <test-method signature="canNotSubmitWithInvalidEmail()[pri:2, instance:tests.ElementsTextBoxPageTest@291a7e3c]" started-at="2025-06-19T14:29:22 BST" name="canNotSubmitWithInvalidEmail" finished-at="2025-06-19T14:29:22 BST" duration-ms="781" status="FAIL">
          <exception class="java.lang.AssertionError">
            <message>
              <![CDATA[expected [false] but found [true]]]>
            </message>
            <full-stacktrace>
              <![CDATA[java.lang.AssertionError: expected [false] but found [true]
at org.testng.Assert.fail(Assert.java:111)
at org.testng.Assert.failNotEquals(Assert.java:1590)
at org.testng.Assert.assertFalse(Assert.java:79)
at org.testng.Assert.assertFalse(Assert.java:89)
at tests.ElementsTextBoxPageTest.canNotSubmitWithInvalidEmail(ElementsTextBoxPageTest.java:80)
at java.base/jdk.internal.reflect.NativeMethodAccessorImpl.invoke0(Native Method)
at java.base/jdk.internal.reflect.NativeMethodAccessorImpl.invoke(NativeMethodAccessorImpl.java:77)
at java.base/jdk.internal.reflect.DelegatingMethodAccessorImpl.invoke(DelegatingMethodAccessorImpl.java:43)
at java.base/java.lang.reflect.Method.invoke(Method.java:568)
at org.testng.internal.invokers.MethodInvocationHelper.invokeMethod(MethodInvocationHelper.java:141)
at org.testng.internal.invokers.TestInvoker.invokeMethod(TestInvoker.java:687)
at org.testng.internal.invokers.TestInvoker.invokeTestMethod(TestInvoker.java:230)
at org.testng.internal.invokers.MethodRunner.runInSequence(MethodRunner.java:63)
at org.testng.internal.invokers.TestInvoker$MethodInvocationAgent.invoke(TestInvoker.java:995)
at org.testng.internal.invokers.TestInvoker.invokeTestMethods(TestInvoker.java:203)
at org.testng.internal.invokers.TestMethodWorker.invokeTestMethods(TestMethodWorker.java:154)
at org.testng.internal.invokers.TestMethodWorker.run(TestMethodWorker.java:134)
at java.base/java.util.ArrayList.forEach(ArrayList.java:1511)
at org.testng.TestRunner.privateRun(TestRunner.java:741)
at org.testng.TestRunner.run(TestRunner.java:616)
at org.testng.SuiteRunner.runTest(SuiteRunner.java:421)
at org.testng.SuiteRunner.runSequentially(SuiteRunner.java:413)
at org.testng.SuiteRunner.privateRun(SuiteRunner.java:373)
at org.testng.SuiteRunner.run(SuiteRunner.java:312)
at org.testng.SuiteRunnerWorker.runSuite(SuiteRunnerWorker.java:52)
at org.testng.SuiteRunnerWorker.run(SuiteRunnerWorker.java:95)
at org.testng.TestNG.runSuitesSequentially(TestNG.java:1274)
at org.testng.TestNG.runSuitesLocally(TestNG.java:1208)
at org.testng.TestNG.runSuites(TestNG.java:1112)
at org.testng.TestNG.run(TestNG.java:1079)
at org.testng.remote.AbstractRemoteTestNG.run(AbstractRemoteTestNG.java:115)
at org.testng.remote.RemoteTestNG.initAndRun(RemoteTestNG.java:293)
at org.testng.remote.RemoteTestNG.main(RemoteTestNG.java:91)
]]>
            </full-stacktrace>
          </exception> <!-- java.lang.AssertionError -->
          <reporter-output>
          </reporter-output>
        </test-method> <!-- canNotSubmitWithInvalidEmail -->
        <test-method is-config="true" signature="tearDown(org.testng.ITestResult)[pri:0, instance:tests.ElementsTextBoxPageTest@291a7e3c]" started-at="2025-06-19T14:29:23 BST" name="tearDown" finished-at="2025-06-19T14:29:34 BST" duration-ms="11596" status="PASS">
          <params>
            <param index="0">
              <value>
                <![CDATA[[TestResult name=canNotSubmitWithInvalidEmail status=FAILURE method=ElementsTextBoxPageTest.canNotSubmitWithInvalidEmail()[pri:2, instance:tests.ElementsTextBoxPageTest@291a7e3c] output={null}]]]>
              </value>
            </param>
          </params>
          <reporter-output>
          </reporter-output>
        </test-method> <!-- tearDown -->
        <test-method is-config="true" signature="tearDownExtent()[pri:0, instance:tests.ElementsTextBoxPageTest@291a7e3c]" started-at="2025-06-19T14:29:34 BST" name="tearDownExtent" finished-at="2025-06-19T14:29:34 BST" duration-ms="61" status="PASS">
          <reporter-output>
          </reporter-output>
        </test-method> <!-- tearDownExtent -->
      </class> <!-- tests.ElementsTextBoxPageTest -->
    </test> <!-- Default test -->
  </suite> <!-- Default suite -->
</testng-results>
